<?xml version="1.0" encoding="UTF-8"?>
<!-- Generated by org.testng.reporters.JUnitReportReporter -->
<testsuite hostname="DESKTOP-AI32JF4" failures="0" tests="1" name="testCases.BookDemoForManualTestCourse" time="14.286" errors="0" timestamp="2024-04-03T15:55:15 IST" skipped="0">
  <testcase classname="testCases.BookDemoForManualTestCourse" name="bookDemo" time="14.286"/>
</testsuite> <!-- testCases.BookDemoForManualTestCourse -->
