<?xml version="1.0" encoding="UTF-8"?>
<!-- Generated by org.testng.reporters.JUnitReportReporter -->
<testsuite hostname="DESKTOP-AI32JF4" failures="0" tests="1" name="testCases.LoginTestCase" time="2.036" errors="0" timestamp="2024-04-03T15:55:15 IST" skipped="0">
  <testcase classname="testCases.LoginTestCase" name="loginTest" time="2.036"/>
</testsuite> <!-- testCases.LoginTestCase -->
